Arguments: 
  /Users/gls/.nvm/versions/node/v14.19.0/bin/node /usr/local/bin/yarn add test-api

PATH: 
  /Users/gls/.nvm/versions/node/v14.19.0/bin:/opt/homebrew/bin:/opt/homebrew/sbin:/usr/local/bin:/usr/bin:/bin:/usr/sbin:/sbin:/Users/gls/.nvm/versions/node/v14.19.0/bin:/opt/homebrew/bin:/opt/homebrew/sbin:/Users/gls/.fig/bin:/Users/gls/.local/bin:/Users/gls/Library/Android/sdk/emulator:/Users/gls/Library/Android/sdk/tools:/Users/gls/Library/Android/sdk/tools/bin:/Users/gls/Library/Android/sdk/platform-tools:/Users/gls/Library/Android/sdk/emulator:/Users/gls/Library/Android/sdk/tools:/Users/gls/Library/Android/sdk/tools/bin:/Users/gls/Library/Android/sdk/platform-tools

Yarn version: 
  1.22.17

Node version: 
  14.19.0

Platform: 
  darwin arm64

Trace: 
  Error: https://govfun.com:10073/repository/npm-group/test-api: Not found
      at Request.params.callback [as _callback] (/usr/local/lib/node_modules/yarn/lib/cli.js:67029:18)
      at Request.self.callback (/usr/local/lib/node_modules/yarn/lib/cli.js:140883:22)
      at Request.emit (events.js:400:28)
      at Request.<anonymous> (/usr/local/lib/node_modules/yarn/lib/cli.js:141855:10)
      at Request.emit (events.js:400:28)
      at IncomingMessage.<anonymous> (/usr/local/lib/node_modules/yarn/lib/cli.js:141777:12)
      at Object.onceWrapper (events.js:519:28)
      at IncomingMessage.emit (events.js:412:35)
      at endReadableNT (internal/streams/readable.js:1334:12)
      at processTicksAndRejections (internal/process/task_queues.js:82:21)

npm manifest: 
  {
  	"name": "auto-api-generator",
  	"version": "1.0.3",
  	"description": "auto generate api",
  	"main": "src/api/index.ts",
  	"scripts": {
  		"test": "echo \"Error: no test specified\" && exit 1"
  	},
  	"repository": {
  		"type": "git",
  		"url": "git+https://github.com/AndSpark/api-generator.git"
  	},
  	"keywords": [],
  	"author": "",
  	"license": "ISC",
  	"bugs": {
  		"url": "https://github.com/AndSpark/api-generator/issues"
  	},
  	"homepage": "https://github.com/AndSpark/api-generator#readme",
  	"devDependencies": {
  		"@types/express": "^4.17.13",
  		"@types/node": "^18.7.1",
  		"express": "^4.18.1",
  		"swagger-typescript-api": "^9.3.1"
  	},
  	"dependencies": {
  		"dotenv": "^16.0.1"
  	}
  }

yarn manifest: 
  No manifest

Lockfile: 
  No lockfile
